<?xml version="1.0" encoding="UTF-8"?>
<testng-results ignored="0" total="1" passed="1" failed="0" skipped="0">
  <reporter-output>
  </reporter-output>
  <suite started-at="2024-03-09T21:18:14 IST" name="Default suite" finished-at="2024-03-09T21:18:30 IST" duration-ms="16294">
    <groups>
    </groups>
    <test started-at="2024-03-09T21:18:14 IST" name="Default test" finished-at="2024-03-09T21:18:30 IST" duration-ms="16294">
      <class name="pageObjectMainCalss.SampleMain">
        <test-method is-config="true" signature="open_browser()[pri:0, instance:pageObjectMainCalss.SampleMain@4c1909a3]" started-at="2024-03-09T21:18:14 IST" name="open_browser" finished-at="2024-03-09T21:18:17 IST" duration-ms="2813" status="PASS">
          <reporter-output>
          </reporter-output>
        </test-method> <!-- open_browser -->
        <test-method signature="main_method()[pri:0, instance:pageObjectMainCalss.SampleMain@4c1909a3]" started-at="2024-03-09T21:18:17 IST" name="main_method" finished-at="2024-03-09T21:18:30 IST" duration-ms="13287" status="PASS">
          <reporter-output>
          </reporter-output>
        </test-method> <!-- main_method -->
        <test-method is-config="true" signature="teardown()[pri:0, instance:pageObjectMainCalss.SampleMain@4c1909a3]" started-at="2024-03-09T21:18:30 IST" name="teardown" finished-at="2024-03-09T21:18:30 IST" duration-ms="106" status="PASS">
          <reporter-output>
          </reporter-output>
        </test-method> <!-- teardown -->
      </class> <!-- pageObjectMainCalss.SampleMain -->
    </test> <!-- Default test -->
  </suite> <!-- Default suite -->
</testng-results>
